<?xml version="1.0" encoding="UTF-8"?>
<!-- Generated by org.testng.reporters.JUnitXMLReporter -->
<testsuite ignored="0" hostname="Swarna" failures="0" tests="4" name="Default test" time="12.49" errors="0" timestamp="2023-12-30T09:13:32 IST">
  <testcase classname="api.petstore.tests.UserTests" name="postUserDetails" time="4.976"/>
  <testcase classname="api.petstore.tests.UserTests" name="getUserByName" time="1.359"/>
  <testcase classname="api.petstore.tests.UserTests" name="updateUserByName" time="2.916"/>
  <testcase classname="api.petstore.tests.UserTests" name="deleteUserByName" time="1.369"/>
</testsuite> <!-- Default test -->
